### Whole job starts ###

### Estimation of window-based nucleotide diversity starts ###

nucleotide diversity calculated from /home/siyuan/jobs/suzukii_WGS/call_snp/amb/updated_poolsnp/paratest/test_maxcov/call_snp_maxcov_99/mincov_12_mincount_1/NW_023496814.1_snp_clean.vcf at chromosome arm 3L
nucleotide diversity calculated from /home/siyuan/jobs/suzukii_WGS/call_snp/amb/updated_poolsnp/paratest/test_maxcov/call_snp_maxcov_99/mincov_12_mincount_1/NW_023496813.1_snp_clean.vcf at chromosome arm 3L
nucleotide diversity calculated from /home/siyuan/jobs/suzukii_WGS/call_snp/amb/updated_poolsnp/paratest/test_maxcov/call_snp_maxcov_99/mincov_12_mincount_1/NW_023496823.1_snp_clean.vcf at chromosome arm 3R
nucleotide diversity calculated from /home/siyuan/jobs/suzukii_WGS/call_snp/amb/updated_poolsnp/paratest/test_maxcov/call_snp_maxcov_99/mincov_12_mincount_1/NW_023496825.1_snp_clean.vcf at chromosome arm 3R
nucleotide diversity calculated from /home/siyuan/jobs/suzukii_WGS/call_snp/amb/updated_poolsnp/paratest/test_maxcov/call_snp_maxcov_99/mincov_12_mincount_1/NW_023496826.1_snp_clean.vcf at chromosome arm 3R
nucleotide diversity calculated from /home/siyuan/jobs/suzukii_WGS/call_snp/amb/updated_poolsnp/paratest/test_maxcov/call_snp_maxcov_99/mincov_12_mincount_1/NW_023496827.1_snp_clean.vcf at chromosome arm 3R
nucleotide diversity calculated from /home/siyuan/jobs/suzukii_WGS/call_snp/amb/updated_poolsnp/paratest/test_maxcov/call_snp_maxcov_99/mincov_12_mincount_1/NW_023496831.1_snp_clean.vcf at chromosome arm 3R
nucleotide diversity calculated from /home/siyuan/jobs/suzukii_WGS/call_snp/amb/updated_poolsnp/paratest/test_maxcov/call_snp_maxcov_99/mincov_12_mincount_1/NW_023496829.1_snp_clean.vcf at chromosome arm 3R
nucleotide diversity calculated from /home/siyuan/jobs/suzukii_WGS/call_snp/amb/updated_poolsnp/paratest/test_maxcov/call_snp_maxcov_99/mincov_12_mincount_1/NW_023496830.1_snp_clean.vcf at chromosome arm 3R
nucleotide diversity calculated from /home/siyuan/jobs/suzukii_WGS/call_snp/amb/updated_poolsnp/paratest/test_maxcov/call_snp_maxcov_99/mincov_12_mincount_1/NW_023496839.1_snp_clean.vcf at chromosome arm 3R
nucleotide diversity calculated from /home/siyuan/jobs/suzukii_WGS/call_snp/amb/updated_poolsnp/paratest/test_maxcov/call_snp_maxcov_99/mincov_12_mincount_1/NW_023496838.1_snp_clean.vcf at chromosome arm 3R
nucleotide diversity calculated from /home/siyuan/jobs/suzukii_WGS/call_snp/amb/updated_poolsnp/paratest/test_maxcov/call_snp_maxcov_99/mincov_12_mincount_1/NW_023496840.1_snp_clean.vcf at chromosome arm 3R
nucleotide diversity calculated from /home/siyuan/jobs/suzukii_WGS/call_snp/amb/updated_poolsnp/paratest/test_maxcov/call_snp_maxcov_99/mincov_12_mincount_1/NW_023496811.1_snp_clean.vcf at chromosome arm 3L
nucleotide diversity calculated from /home/siyuan/jobs/suzukii_WGS/call_snp/amb/updated_poolsnp/paratest/test_maxcov/call_snp_maxcov_99/mincov_12_mincount_1/NW_023496820.1_snp_clean.vcf at chromosome arm 3R
nucleotide diversity calculated from /home/siyuan/jobs/suzukii_WGS/call_snp/amb/updated_poolsnp/paratest/test_maxcov/call_snp_maxcov_99/mincov_12_mincount_1/NW_023496821.1_snp_clean.vcf at chromosome arm 3R
nucleotide diversity calculated from /home/siyuan/jobs/suzukii_WGS/call_snp/amb/updated_poolsnp/paratest/test_maxcov/call_snp_maxcov_99/mincov_12_mincount_1/NW_023496806.1_snp_clean.vcf at chromosome arm 2R
nucleotide diversity calculated from /home/siyuan/jobs/suzukii_WGS/call_snp/amb/updated_poolsnp/paratest/test_maxcov/call_snp_maxcov_99/mincov_12_mincount_1/NW_023496802.1_snp_clean.vcf at chromosome arm 2L
nucleotide diversity calculated from /home/siyuan/jobs/suzukii_WGS/call_snp/amb/updated_poolsnp/paratest/test_maxcov/call_snp_maxcov_99/mincov_12_mincount_1/NW_023496801.1_snp_clean.vcf at chromosome arm 2L
nucleotide diversity calculated from /home/siyuan/jobs/suzukii_WGS/call_snp/amb/updated_poolsnp/paratest/test_maxcov/call_snp_maxcov_99/mincov_12_mincount_1/NW_023496818.1_snp_clean.vcf at chromosome arm 3R
nucleotide diversity calculated from /home/siyuan/jobs/suzukii_WGS/call_snp/amb/updated_poolsnp/paratest/test_maxcov/call_snp_maxcov_99/mincov_12_mincount_1/NW_023496805.1_snp_clean.vcf at chromosome arm 2R
nucleotide diversity calculated from /home/siyuan/jobs/suzukii_WGS/call_snp/amb/updated_poolsnp/paratest/test_maxcov/call_snp_maxcov_99/mincov_12_mincount_1/NW_023496815.1_snp_clean.vcf at chromosome arm 3L
nucleotide diversity calculated from /home/siyuan/jobs/suzukii_WGS/call_snp/amb/updated_poolsnp/paratest/test_maxcov/call_snp_maxcov_99/mincov_12_mincount_1/NW_023496804.1_snp_clean.vcf at chromosome arm 2R
nucleotide diversity calculated from /home/siyuan/jobs/suzukii_WGS/call_snp/amb/updated_poolsnp/paratest/test_maxcov/call_snp_maxcov_99/mincov_12_mincount_1/NW_023496847.1_snp_clean.vcf at chromosome arm X
nucleotide diversity calculated from /home/siyuan/jobs/suzukii_WGS/call_snp/amb/updated_poolsnp/paratest/test_maxcov/call_snp_maxcov_99/mincov_12_mincount_1/NW_023496809.1_snp_clean.vcf at chromosome arm 2R
nucleotide diversity calculated from /home/siyuan/jobs/suzukii_WGS/call_snp/amb/updated_poolsnp/paratest/test_maxcov/call_snp_maxcov_99/mincov_12_mincount_1/NW_023496832.1_snp_clean.vcf at chromosome arm 3R
nucleotide diversity calculated from /home/siyuan/jobs/suzukii_WGS/call_snp/amb/updated_poolsnp/paratest/test_maxcov/call_snp_maxcov_99/mincov_12_mincount_1/NW_023496834.1_snp_clean.vcf at chromosome arm 3R
nucleotide diversity calculated from /home/siyuan/jobs/suzukii_WGS/call_snp/amb/updated_poolsnp/paratest/test_maxcov/call_snp_maxcov_99/mincov_12_mincount_1/NW_023496844.1_snp_clean.vcf at chromosome arm X
nucleotide diversity calculated from /home/siyuan/jobs/suzukii_WGS/call_snp/amb/updated_poolsnp/paratest/test_maxcov/call_snp_maxcov_99/mincov_12_mincount_1/NW_023496803.1_snp_clean.vcf at chromosome arm 2L
nucleotide diversity calculated from /home/siyuan/jobs/suzukii_WGS/call_snp/amb/updated_poolsnp/paratest/test_maxcov/call_snp_maxcov_99/mincov_12_mincount_1/NW_023496833.1_snp_clean.vcf at chromosome arm 3R
nucleotide diversity calculated from /home/siyuan/jobs/suzukii_WGS/call_snp/amb/updated_poolsnp/paratest/test_maxcov/call_snp_maxcov_99/mincov_12_mincount_1/NW_023496824.1_snp_clean.vcf at chromosome arm 3R
nucleotide diversity calculated from /home/siyuan/jobs/suzukii_WGS/call_snp/amb/updated_poolsnp/paratest/test_maxcov/call_snp_maxcov_99/mincov_12_mincount_1/NW_023496828.1_snp_clean.vcf at chromosome arm 3R
nucleotide diversity calculated from /home/siyuan/jobs/suzukii_WGS/call_snp/amb/updated_poolsnp/paratest/test_maxcov/call_snp_maxcov_99/mincov_12_mincount_1/NW_023496843.1_snp_clean.vcf at chromosome arm X
nucleotide diversity calculated from /home/siyuan/jobs/suzukii_WGS/call_snp/amb/updated_poolsnp/paratest/test_maxcov/call_snp_maxcov_99/mincov_12_mincount_1/NW_023496822.1_snp_clean.vcf at chromosome arm 3R
nucleotide diversity calculated from /home/siyuan/jobs/suzukii_WGS/call_snp/amb/updated_poolsnp/paratest/test_maxcov/call_snp_maxcov_99/mincov_12_mincount_1/NW_023496842.1_snp_clean.vcf at chromosome arm X
nucleotide diversity calculated from /home/siyuan/jobs/suzukii_WGS/call_snp/amb/updated_poolsnp/paratest/test_maxcov/call_snp_maxcov_99/mincov_12_mincount_1/NW_023496819.1_snp_clean.vcf at chromosome arm 3R
nucleotide diversity calculated from /home/siyuan/jobs/suzukii_WGS/call_snp/amb/updated_poolsnp/paratest/test_maxcov/call_snp_maxcov_99/mincov_12_mincount_1/NW_023496810.1_snp_clean.vcf at chromosome arm 3L
nucleotide diversity calculated from /home/siyuan/jobs/suzukii_WGS/call_snp/amb/updated_poolsnp/paratest/test_maxcov/call_snp_maxcov_99/mincov_12_mincount_1/NW_023496841.1_snp_clean.vcf at chromosome arm X
nucleotide diversity calculated from /home/siyuan/jobs/suzukii_WGS/call_snp/amb/updated_poolsnp/paratest/test_maxcov/call_snp_maxcov_99/mincov_12_mincount_1/NC_050699.1_snp_clean.vcf at chromosome arm 4
nucleotide diversity calculated from /home/siyuan/jobs/suzukii_WGS/call_snp/amb/updated_poolsnp/paratest/test_maxcov/call_snp_maxcov_99/mincov_12_mincount_1/NW_023496817.1_snp_clean.vcf at chromosome arm 3R
nucleotide diversity calculated from /home/siyuan/jobs/suzukii_WGS/call_snp/amb/updated_poolsnp/paratest/test_maxcov/call_snp_maxcov_99/mincov_12_mincount_1/NW_023496816.1_snp_clean.vcf at chromosome arm 3R
nucleotide diversity calculated from /home/siyuan/jobs/suzukii_WGS/call_snp/amb/updated_poolsnp/paratest/test_maxcov/call_snp_maxcov_99/mincov_12_mincount_1/NW_023496836.1_snp_clean.vcf at chromosome arm 3R
nucleotide diversity calculated from /home/siyuan/jobs/suzukii_WGS/call_snp/amb/updated_poolsnp/paratest/test_maxcov/call_snp_maxcov_99/mincov_12_mincount_1/NW_023496837.1_snp_clean.vcf at chromosome arm 3R
nucleotide diversity calculated from /home/siyuan/jobs/suzukii_WGS/call_snp/amb/updated_poolsnp/paratest/test_maxcov/call_snp_maxcov_99/mincov_12_mincount_1/NW_023496846.1_snp_clean.vcf at chromosome arm X
nucleotide diversity calculated from /home/siyuan/jobs/suzukii_WGS/call_snp/amb/updated_poolsnp/paratest/test_maxcov/call_snp_maxcov_99/mincov_12_mincount_1/NW_023496835.1_snp_clean.vcf at chromosome arm 3R
nucleotide diversity calculated from /home/siyuan/jobs/suzukii_WGS/call_snp/amb/updated_poolsnp/paratest/test_maxcov/call_snp_maxcov_99/mincov_12_mincount_1/NW_023496808.1_snp_clean.vcf at chromosome arm 2R
nucleotide diversity calculated from /home/siyuan/jobs/suzukii_WGS/call_snp/amb/updated_poolsnp/paratest/test_maxcov/call_snp_maxcov_99/mincov_12_mincount_1/NW_023496845.1_snp_clean.vcf at chromosome arm X
nucleotide diversity calculated from /home/siyuan/jobs/suzukii_WGS/call_snp/amb/updated_poolsnp/paratest/test_maxcov/call_snp_maxcov_99/mincov_12_mincount_1/NW_023496807.1_snp_clean.vcf at chromosome arm 2R
nucleotide diversity calculated from /home/siyuan/jobs/suzukii_WGS/call_snp/amb/updated_poolsnp/paratest/test_maxcov/call_snp_maxcov_99/mincov_12_mincount_1/NW_023496812.1_snp_clean.vcf at chromosome arm 3L
nucleotide diversity calculated from /home/siyuan/jobs/suzukii_WGS/call_snp/amb/updated_poolsnp/paratest/test_maxcov/call_snp_maxcov_99/mincov_12_mincount_1/NW_023496800.1_snp_clean.vcf at chromosome arm 2L
### Estimation of nucleotide diversity ends ###

### Whole job done ###

